<?xml version="1.0" encoding="UTF-8"?>
<!-- Generated by org.testng.reporters.JUnitReportReporter -->
<testsuite hostname="DESKTOP-6P4MI60" failures="0" tests="5" name="MyTestCases" time="0.475" errors="0" timestamp="2024-06-11T17:35:01 EEST" skipped="3">
  <testcase classname="MyTestCases" name="loginTest" time="0.315"/>
  <system-out/>
  <testcase classname="MyTestCases" name="addOneItemAndSkipTheNext" time="0.160"/>
  <system-out/>
  <testcase classname="MyTestCases" name="addItemsIfPricGraterThanFifteen">
    <skipped/>
  </testcase> <!-- addItemsIfPricGraterThanFifteen -->
  <system-out/>
  <testcase classname="MyTestCases" name="findAllElementsThatHasTextLabs">
    <skipped/>
  </testcase> <!-- findAllElementsThatHasTextLabs -->
  <system-out/>
  <testcase classname="MyTestCases" name="addAllItems">
    <skipped/>
  </testcase> <!-- addAllItems -->
  <system-out/>
</testsuite> <!-- MyTestCases -->
